
> simpledbserver@1.0.0 start /home/cms/eric/pacesv1
> node --use_strict server/server.js

MongoDB connected.
Server listening at https://localhost:8080
[0mGET / [32m200 [0m27.243 ms - 429[0m
[0mGET /app.js [32m200 [0m5.546 ms - 2056957[0m
{ name: 'eric', password: 'pw' }
{ _id: 5914241459c5df9d3726c891,
  name: 'eric',
  password: 'pw',
  isAdmin: false }
[0mPOST /authenticate [32m200 [0m38.642 ms - 880[0m
[0mGET /user/undefined [32m200 [0m8.781 ms - 2[0m
In SERVER { subjectid: 'undefined', record1: '' }
[0mPOST /user/undefined [32m200 [0m31.472 ms - 118[0m
{ name: '', password: '' }
null
[0mPOST /authenticate [32m200 [0m3.073 ms - 82[0m
[0mGET / [32m200 [0m6.243 ms - 429[0m
[0mGET /app.js [32m200 [0m1.705 ms - 2056957[0m
{ name: 'eric', password: 'pw' }
{ _id: 5914241459c5df9d3726c891,
  name: 'eric',
  password: 'pw',
  isAdmin: false }
[0mPOST /authenticate [32m200 [0m106.936 ms - 880[0m
[0mGET / [32m200 [0m4.547 ms - 429[0m
[0mGET / [32m200 [0m1.425 ms - 429[0m
[0mGET /app.js [32m200 [0m3.633 ms - 2056957[0m
{ name: 'eric', password: 'pw' }
{ _id: 5914241459c5df9d3726c891,
  name: 'eric',
  password: 'pw',
  isAdmin: false }
[0mPOST /authenticate [32m200 [0m4.871 ms - 880[0m
{ name: '', password: '' }
null
[0mPOST /authenticate [32m200 [0m3.990 ms - 82[0m
[0mGET /user/5040 [33m403 [0m0.568 ms - 47[0m
[0mGET / [0m- [0m- ms - -[0m
{ name: '', password: '' }
[0mPOST /authenticate [0m- [0m- ms - -[0m
null
In SERVER { subjectid: 'undefined', record1: '' }
[0mPOST /user/undefined [32m200 [0m5.415 ms - 118[0m
{ name: '', password: '' }
null
[0mPOST /authenticate [32m200 [0m3.489 ms - 82[0m
{ name: 'eric', password: 'pw' }
{ _id: 5914241459c5df9d3726c891,
  name: 'eric',
  password: 'pw',
  isAdmin: false }
[0mPOST /authenticate [32m200 [0m3.094 ms - 880[0m
[0mGET /user/undefined [32m200 [0m3.061 ms - 239[0m
[0mGET /user/undefined [36m304 [0m2.593 ms - -[0m
In SERVER { subjectid: 'undefined', record1: '' }
[0mPOST /user/undefined [32m200 [0m3.726 ms - 118[0m
[0mGET /user/undefined [32m200 [0m5.270 ms - 358[0m
In SERVER { subjectid: 'undefined', record1: '' }
[0mPOST /user/undefined [32m200 [0m3.260 ms - 118[0m
In SERVER { subjectid: 'undefined', record1: '' }
[0mPOST /user/undefined [32m200 [0m2.827 ms - 118[0m
In SERVER { subjectid: 'undefined', record1: '' }
[0mPOST /user/undefined [32m200 [0m5.185 ms - 118[0m
[0mGET /user/undefined [32m200 [0m4.413 ms - 715[0m
In SERVER { subjectid: 'undefined', record1: '' }
[0mPOST /user/undefined [32m200 [0m3.883 ms - 118[0m
[0mGET /user/undefined [32m200 [0m2.724 ms - 834[0m
In SERVER { subjectid: 'undefined', record1: '' }
[0mPOST /user/undefined [32m200 [0m4.002 ms - 118[0m
In SERVER { subjectid: 'undefined', record1: '' }
[0mPOST /user/undefined [32m200 [0m3.049 ms - 118[0m
[0mGET /user/5040 [33m403 [0m0.622 ms - 47[0m
[0mGET /user/5040 [33m403 [0m0.488 ms - 47[0m
[0mGET /user/5040 [33m403 [0m0.562 ms - 47[0m
[0mGET /user/5040 [33m403 [0m0.547 ms - 47[0m
[0mGET / [32m200 [0m3.117 ms - 429[0m
[0mGET /app.js [32m200 [0m1.285 ms - 2056957[0m
[0mGET /favicon.ico [33m404 [0m3.408 ms - 150[0m
{ name: 'eric', password: 'pw' }
{ _id: 5914241459c5df9d3726c891,
  name: 'eric',
  password: 'pw',
  isAdmin: false }
[0mPOST /authenticate [32m200 [0m4.810 ms - 880[0m
{ name: '', password: '' }
null
[0mPOST /authenticate [32m200 [0m3.466 ms - 82[0m
[0mGET /recordings/index.php [33m404 [0m1.223 ms - 159[0m
[0mGET / [32m200 [0m4.944 ms - 429[0m
[0mGET /a2billing/common/javascript/misc.js [33m404 [0m1.895 ms - 174[0m
[0mGET /user/5040 [33m403 [0m0.546 ms - 47[0m
[0mGET / [32m200 [0m2.285 ms - 429[0m
[0mGET /user/5040 [33m403 [0m0.612 ms - 47[0m
[0mGET /user/5012 [33m403 [0m0.515 ms - 47[0m
[0mGET /user/5012 [33m403 [0m0.613 ms - 47[0m
[0mGET /user/5012 [33m403 [0m0.555 ms - 47[0m
[0mGET /user/5012 [33m403 [0m0.548 ms - 47[0m
[0mGET /user/5012 [33m403 [0m0.543 ms - 47[0m
[0mGET /user/5012 [33m403 [0m0.574 ms - 47[0m
[0mGET /user/5012 [33m403 [0m0.576 ms - 47[0m
[0mGET /user/5012 [33m403 [0m0.564 ms - 47[0m
[0mGET / [32m200 [0m2.129 ms - 429[0m
[0mGET /app.js [32m200 [0m2.071 ms - 2056957[0m
[0mGET /favicon.ico [33m404 [0m0.590 ms - 150[0m
{ name: 'eric', password: 'pw' }
{ _id: 5914241459c5df9d3726c891,
  name: 'eric',
  password: 'pw',
  isAdmin: false }
[0mPOST /authenticate [32m200 [0m4.177 ms - 880[0m
[0mGET /user/5012 [33m403 [0m1.277 ms - 47[0m
[0mGET / [32m200 [0m6.509 ms - 429[0m
[0mOPTIONS / [32m200 [0m1.091 ms - 8[0m
[0mGET / [32m200 [0m1.928 ms - 429[0m
[0mGET / [32m200 [0m1.660 ms - 429[0m
[0mGET / [32m200 [0m21.040 ms - 429[0m
[0mGET /app.js [32m200 [0m5.472 ms - 2056957[0m
[0mGET /favicon.ico [33m404 [0m1.383 ms - 150[0m
[0mGET / [32m200 [0m1.969 ms - 429[0m
[0mGET /app.js [32m200 [0m0.861 ms - 2056957[0m
[0mGET / [32m200 [0m3.967 ms - 429[0m
[0mGET /app.js [32m200 [0m0.615 ms - 2056957[0m
[0mGET / [32m200 [0m1.273 ms - 429[0m
[0mGET /app.js [32m200 [0m2.305 ms - 2056957[0m
Terminated

npm ERR! Linux 4.8.0-41-generic
npm ERR! argv "/usr/bin/nodejs" "/usr/bin/npm" "start"
npm ERR! node v7.7.4
npm ERR! npm  v4.1.2
npm ERR! code ELIFECYCLE
npm ERR! simpledbserver@1.0.0 start: `node --use_strict server/server.js`
npm ERR! Exit status 143
npm ERR! 
npm ERR! Failed at the simpledbserver@1.0.0 start script 'node --use_strict server/server.js'.
npm ERR! Make sure you have the latest version of node.js and npm installed.
npm ERR! If you do, this is most likely a problem with the simpledbserver package,
npm ERR! not with npm itself.
npm ERR! Tell the author that this fails on your system:
npm ERR!     node --use_strict server/server.js
npm ERR! You can get information on how to open an issue for this project with:
npm ERR!     npm bugs simpledbserver
npm ERR! Or if that isn't available, you can get their info via:
npm ERR!     npm owner ls simpledbserver
npm ERR! There is likely additional logging output above.

npm ERR! Please include the following file with any support request:
npm ERR!     /home/cms/eric/pacesv1/npm-debug.log

> simpledbserver@1.0.0 start /home/cms/eric/pacesv1
> node --use_strict server/server.js

MongoDB connected.
Server listening at https://localhost:8080
[0mGET / [32m200 [0m26.811 ms - 429[0m
[0mGET /app.js [32m200 [0m5.561 ms - 2056957[0m

npm ERR! Linux 4.8.0-41-generic
npm ERR! argv "/usr/bin/nodejs" "/usr/bin/npm" "start"
npm ERR! node v7.7.4
npm ERR! npm  v4.1.2
npm ERR! code ELIFECYCLE
npm ERR! simpledbserver@1.0.0 start: `node --use_strict server/server.js`
npm ERR! Exit status 130
npm ERR! 
npm ERR! Failed at the simpledbserver@1.0.0 start script 'node --use_strict server/server.js'.
npm ERR! Make sure you have the latest version of node.js and npm installed.
npm ERR! If you do, this is most likely a problem with the simpledbserver package,
npm ERR! not with npm itself.
npm ERR! Tell the author that this fails on your system:
npm ERR!     node --use_strict server/server.js
npm ERR! You can get information on how to open an issue for this project with:
npm ERR!     npm bugs simpledbserver
npm ERR! Or if that isn't available, you can get their info via:
npm ERR!     npm owner ls simpledbserver
npm ERR! There is likely additional logging output above.

npm ERR! Please include the following file with any support request:
npm ERR!     /home/cms/eric/pacesv1/npm-debug.log

> simpledbserver@1.0.0 start /home/cms/eric/pacesv1
> node --use_strict server/server.js

MongoDB connected.
Server listening at https://localhost:8080
[0mGET / [32m200 [0m28.398 ms - 429[0m
[0mGET /app.js [32m200 [0m5.831 ms - 2056957[0m

npm ERR! Linux 4.8.0-41-generic
npm ERR! argv "/usr/bin/nodejs" "/usr/bin/npm" "start"
npm ERR! node v7.7.4
npm ERR! npm  v4.1.2
npm ERR! code ELIFECYCLE
npm ERR! simpledbserver@1.0.0 start: `node --use_strict server/server.js`
npm ERR! Exit status 130
npm ERR! 
npm ERR! Failed at the simpledbserver@1.0.0 start script 'node --use_strict server/server.js'.
npm ERR! Make sure you have the latest version of node.js and npm installed.
npm ERR! If you do, this is most likely a problem with the simpledbserver package,
npm ERR! not with npm itself.
npm ERR! Tell the author that this fails on your system:
npm ERR!     node --use_strict server/server.js
npm ERR! You can get information on how to open an issue for this project with:
npm ERR!     npm bugs simpledbserver
npm ERR! Or if that isn't available, you can get their info via:
npm ERR!     npm owner ls simpledbserver
npm ERR! There is likely additional logging output above.

npm ERR! Please include the following file with any support request:
npm ERR!     /home/cms/eric/pacesv1/npm-debug.log
